<?xml version="1.0" encoding="UTF-8"?>
<testsuite xmlns:xsi="http://www.w3.org/2001/XMLSchema-instance" xsi:noNamespaceSchemaLocation="https://maven.apache.org/surefire/maven-surefire-plugin/xsd/surefire-test-report-3.0.xsd" version="3.0" name="TestSuite" time="68.157" tests="3" errors="0" skipped="0" failures="1">
  <properties>
[...]
</properties>
  <testcase name="LoginTest" classname="com.Banking.TestCase.TC_LoginTest_001" time="1.225"/>
  <testcase name="LoginDDT" classname="com.Banking.TestCase.TC_LoginDDTTest_002" time="11.093"/>
  <testcase name="addcustomer" classname="com.Banking.TestCase.TC_AddNewCustomer_003" time="15.718">
    <failure message="unexpected alert open: {Alert text : please fill all fields}&#10;  (Session info: chrome=79.0.3945.130): please fill all fields&#10;Build info: version: &apos;3.141.59&apos;, revision: &apos;e82be7d358&apos;, time: &apos;2018-11-14T08:17:03&apos;&#10;System info: host: &apos;LAPTOP-NDCC04U7&apos;, ip: &apos;192.168.1.85&apos;, os.name: &apos;Windows 10&apos;, os.arch: &apos;amd64&apos;, os.version: &apos;10.0&apos;, java.version: &apos;1.8.0_241&apos;&#10;Driver info: org.openqa.selenium.chrome.ChromeDriver&#10;Capabilities {acceptInsecureCerts: false, browserName: chrome, browserVersion: 79.0.3945.130, chrome: {chromedriverVersion: 79.0.3945.36 (3582db32b3389..., userDataDir: C:\Users\csvel\AppData\Loca...}, goog:chromeOptions: {debuggerAddress: localhost:54715}, javascriptEnabled: true, networkConnectionEnabled: false, pageLoadStrategy: normal, platform: WINDOWS, platformName: WINDOWS, proxy: Proxy(), setWindowRect: true, strictFileInteractability: false, timeouts: {implicit: 0, pageLoad: 300000, script: 30000}, unhandledPromptBehavior: dismiss and notify}&#10;Session ID: 6bb367b0753d1609abba78fd7683f708" type="org.openqa.selenium.UnhandledAlertException"><![CDATA[org.openqa.selenium.UnhandledAlertException: 
unexpected alert open: {Alert text : please fill all fields}
  (Session info: chrome=79.0.3945.130): please fill all fields
Build info: version: '3.141.59', revision: 'e82be7d358', time: '2018-11-14T08:17:03'
System info: host: 'LAPTOP-NDCC04U7', ip: '192.168.1.85', os.name: 'Windows 10', os.arch: 'amd64', os.version: '10.0', java.version: '1.8.0_241'
Driver info: org.openqa.selenium.chrome.ChromeDriver
Capabilities {acceptInsecureCerts: false, browserName: chrome, browserVersion: 79.0.3945.130, chrome: {chromedriverVersion: 79.0.3945.36 (3582db32b3389..., userDataDir: C:\Users\csvel\AppData\Loca...}, goog:chromeOptions: {debuggerAddress: localhost:54715}, javascriptEnabled: true, networkConnectionEnabled: false, pageLoadStrategy: normal, platform: WINDOWS, platformName: WINDOWS, proxy: Proxy(), setWindowRect: true, strictFileInteractability: false, timeouts: {implicit: 0, pageLoad: 300000, script: 30000}, unhandledPromptBehavior: dismiss and notify}
Session ID: 6bb367b0753d1609abba78fd7683f708
	at com.Banking.TestCase.TC_AddNewCustomer_003.addcustomer(TC_AddNewCustomer_003.java:52)
]]></failure>
    <system-err><![CDATA[Starting ChromeDriver 79.0.3945.36 (3582db32b33893869b8c1339e8f4d9ed1816f143-refs/branch-heads/3945@{#614}) on port 19481
Only local connections are allowed.
Please protect ports used by ChromeDriver and related test frameworks to prevent access by malicious code.
[1580083286.119][WARNING]: Timed out connecting to Chrome, retrying...
Jan 26, 2020 6:01:28 PM org.openqa.selenium.remote.ProtocolHandshake createSession
INFO: Detected dialect: W3C
[1580083290.136][WARNING]: Timed out connecting to Chrome, retrying...
]]></system-err>
  </testcase>
</testsuite>